<?xml version="1.0" encoding="UTF-8"?>
<testng-results skipped="1" failed="0" ignored="0" total="1" passed="0">
  <reporter-output>
  </reporter-output>
  <suite name="Default suite" duration-ms="18283" started-at="2020-05-09T13:05:46 IST" finished-at="2020-05-09T13:06:04 IST">
    <groups>
    </groups>
    <test name="Default test" duration-ms="18283" started-at="2020-05-09T13:05:46 IST" finished-at="2020-05-09T13:06:04 IST">
      <class name="com.vtiger.alltestscripts.LoginAndLogout">
        <test-method status="FAIL" signature="preConfig()[pri:0, instance:com.vtiger.alltestscripts.LoginAndLogout@6321e813]" name="preConfig" is-config="true" duration-ms="18178" started-at="2020-05-09T13:05:46 IST" finished-at="2020-05-09T13:06:04 IST">
          <exception class="org.openqa.selenium.SessionNotCreatedException">
            <message>
              <![CDATA[session not created
from chrome not reachable
  (Session info: chrome=81.0.4044.138)
Build info: version: '3.141.59', revision: 'e82be7d358', time: '2018-11-14T08:25:48'
System info: host: 'LAPTOP-JQ5HBCKI', ip: '192.168.43.116', os.name: 'Windows 10', os.arch: 'amd64', os.version: '10.0', java.version: '1.8.0_162'
Driver info: driver.version: ChromeDriver
remote stacktrace: Backtrace:
Ordinal0 [0x00A60C83+1707139]
Ordinal0 [0x009C68F1+1075441]
Ordinal0 [0x0093DE72+515698]
Ordinal0 [0x00937CA8+490664]
Ordinal0 [0x0093839B+492443]
Ordinal0 [0x009392F5+496373]
Ordinal0 [0x00934F05+478981]
Ordinal0 [0x0093ECA0+519328]
Ordinal0 [0x008ECA67+182887]
Ordinal0 [0x008EBDDD+179677]
Ordinal0 [0x008E9D4B+171339]
Ordinal0 [0x008D1D4A+73034]
Ordinal0 [0x008D2DC0+77248]
Ordinal0 [0x008D2D59+77145]
Ordinal0 [0x009DBB67+1162087]
GetHandleVerifier [0x00AFA966+508998]
GetHandleVerifier [0x00AFA6A4+508292]
GetHandleVerifier [0x00B0F7B7+594583]
GetHandleVerifier [0x00AFB1D6+511158]
Ordinal0 [0x009D402C+1130540]
Ordinal0 [0x009DD4CB+1168587]
Ordinal0 [0x009DD633+1168947]
Ordinal0 [0x009F5B35+1268533]
BaseThreadInitThunk [0x76396359+25]
RtlGetAppContainerNamedObjectPath [0x77707C14+228]
RtlGetAppContainerNamedObjectPath [0x77707BE4+180]
]]>
            </message>
            <full-stacktrace>
              <![CDATA[org.openqa.selenium.SessionNotCreatedException: session not created
from chrome not reachable
  (Session info: chrome=81.0.4044.138)
Build info: version: '3.141.59', revision: 'e82be7d358', time: '2018-11-14T08:25:48'
System info: host: 'LAPTOP-JQ5HBCKI', ip: '192.168.43.116', os.name: 'Windows 10', os.arch: 'amd64', os.version: '10.0', java.version: '1.8.0_162'
Driver info: driver.version: ChromeDriver
remote stacktrace: Backtrace:
Ordinal0 [0x00A60C83+1707139]
Ordinal0 [0x009C68F1+1075441]
Ordinal0 [0x0093DE72+515698]
Ordinal0 [0x00937CA8+490664]
Ordinal0 [0x0093839B+492443]
Ordinal0 [0x009392F5+496373]
Ordinal0 [0x00934F05+478981]
Ordinal0 [0x0093ECA0+519328]
Ordinal0 [0x008ECA67+182887]
Ordinal0 [0x008EBDDD+179677]
Ordinal0 [0x008E9D4B+171339]
Ordinal0 [0x008D1D4A+73034]
Ordinal0 [0x008D2DC0+77248]
Ordinal0 [0x008D2D59+77145]
Ordinal0 [0x009DBB67+1162087]
GetHandleVerifier [0x00AFA966+508998]
GetHandleVerifier [0x00AFA6A4+508292]
GetHandleVerifier [0x00B0F7B7+594583]
GetHandleVerifier [0x00AFB1D6+511158]
Ordinal0 [0x009D402C+1130540]
Ordinal0 [0x009DD4CB+1168587]
Ordinal0 [0x009DD633+1168947]
Ordinal0 [0x009F5B35+1268533]
BaseThreadInitThunk [0x76396359+25]
RtlGetAppContainerNamedObjectPath [0x77707C14+228]
RtlGetAppContainerNamedObjectPath [0x77707BE4+180]

at sun.reflect.NativeConstructorAccessorImpl.newInstance0(Native Method)
at sun.reflect.NativeConstructorAccessorImpl.newInstance(Unknown Source)
at sun.reflect.DelegatingConstructorAccessorImpl.newInstance(Unknown Source)
at java.lang.reflect.Constructor.newInstance(Unknown Source)
at org.openqa.selenium.remote.W3CHandshakeResponse.lambda$errorHandler$0(W3CHandshakeResponse.java:62)
at org.openqa.selenium.remote.HandshakeResponse.lambda$getResponseFunction$0(HandshakeResponse.java:30)
at org.openqa.selenium.remote.ProtocolHandshake.lambda$createSession$0(ProtocolHandshake.java:126)
at java.util.stream.ReferencePipeline$3$1.accept(Unknown Source)
at java.util.Spliterators$ArraySpliterator.tryAdvance(Unknown Source)
at java.util.stream.ReferencePipeline.forEachWithCancel(Unknown Source)
at java.util.stream.AbstractPipeline.copyIntoWithCancel(Unknown Source)
at java.util.stream.AbstractPipeline.copyInto(Unknown Source)
at java.util.stream.AbstractPipeline.wrapAndCopyInto(Unknown Source)
at java.util.stream.FindOps$FindOp.evaluateSequential(Unknown Source)
at java.util.stream.AbstractPipeline.evaluate(Unknown Source)
at java.util.stream.ReferencePipeline.findFirst(Unknown Source)
at org.openqa.selenium.remote.ProtocolHandshake.createSession(ProtocolHandshake.java:128)
at org.openqa.selenium.remote.ProtocolHandshake.createSession(ProtocolHandshake.java:74)
at org.openqa.selenium.remote.HttpCommandExecutor.execute(HttpCommandExecutor.java:136)
at org.openqa.selenium.remote.service.DriverCommandExecutor.execute(DriverCommandExecutor.java:83)
at org.openqa.selenium.remote.RemoteWebDriver.execute(RemoteWebDriver.java:552)
at org.openqa.selenium.remote.RemoteWebDriver.startSession(RemoteWebDriver.java:213)
at org.openqa.selenium.remote.RemoteWebDriver.<init>(RemoteWebDriver.java:131)
at org.openqa.selenium.chrome.ChromeDriver.<init>(ChromeDriver.java:181)
at org.openqa.selenium.chrome.ChromeDriver.<init>(ChromeDriver.java:168)
at org.openqa.selenium.chrome.ChromeDriver.<init>(ChromeDriver.java:123)
at com.vtiger.specific.SuperTestScript.preConfig(SuperTestScript.java:33)
at sun.reflect.NativeMethodAccessorImpl.invoke0(Native Method)
at sun.reflect.NativeMethodAccessorImpl.invoke(Unknown Source)
at sun.reflect.DelegatingMethodAccessorImpl.invoke(Unknown Source)
at java.lang.reflect.Method.invoke(Unknown Source)
at org.testng.internal.MethodInvocationHelper.invokeMethod(MethodInvocationHelper.java:135)
at org.testng.internal.MethodInvocationHelper.invokeMethodConsideringTimeout(MethodInvocationHelper.java:64)
at org.testng.internal.ConfigInvoker.invokeConfigurationMethod(ConfigInvoker.java:364)
at org.testng.internal.ConfigInvoker.invokeConfigurations(ConfigInvoker.java:318)
at org.testng.internal.TestInvoker.runConfigMethods(TestInvoker.java:700)
at org.testng.internal.TestInvoker.invokeMethod(TestInvoker.java:527)
at org.testng.internal.TestInvoker.invokeTestMethod(TestInvoker.java:174)
at org.testng.internal.MethodRunner.runInSequence(MethodRunner.java:46)
at org.testng.internal.TestInvoker$MethodInvocationAgent.invoke(TestInvoker.java:821)
at org.testng.internal.TestInvoker.invokeTestMethods(TestInvoker.java:147)
at org.testng.internal.TestMethodWorker.invokeTestMethods(TestMethodWorker.java:146)
at org.testng.internal.TestMethodWorker.run(TestMethodWorker.java:128)
at java.util.ArrayList.forEach(Unknown Source)
at org.testng.TestRunner.privateRun(TestRunner.java:767)
at org.testng.TestRunner.run(TestRunner.java:588)
at org.testng.SuiteRunner.runTest(SuiteRunner.java:384)
at org.testng.SuiteRunner.runSequentially(SuiteRunner.java:378)
at org.testng.SuiteRunner.privateRun(SuiteRunner.java:337)
at org.testng.SuiteRunner.run(SuiteRunner.java:286)
at org.testng.SuiteRunnerWorker.runSuite(SuiteRunnerWorker.java:53)
at org.testng.SuiteRunnerWorker.run(SuiteRunnerWorker.java:96)
at org.testng.TestNG.runSuitesSequentially(TestNG.java:1214)
at org.testng.TestNG.runSuitesLocally(TestNG.java:1136)
at org.testng.TestNG.runSuites(TestNG.java:1066)
at org.testng.TestNG.run(TestNG.java:1034)
at org.testng.remote.AbstractRemoteTestNG.run(AbstractRemoteTestNG.java:115)
at org.testng.remote.RemoteTestNG.initAndRun(RemoteTestNG.java:251)
at org.testng.remote.RemoteTestNG.main(RemoteTestNG.java:77)
]]>
            </full-stacktrace>
          </exception> <!-- org.openqa.selenium.SessionNotCreatedException -->
          <reporter-output>
          </reporter-output>
        </test-method> <!-- preConfig -->
        <test-method status="SKIP" signature="testLoginAndLogout()[pri:0, instance:com.vtiger.alltestscripts.LoginAndLogout@6321e813]" name="testLoginAndLogout" duration-ms="0" started-at="2020-05-09T13:06:04 IST" finished-at="2020-05-09T13:06:04 IST">
          <exception class="org.openqa.selenium.SessionNotCreatedException">
            <message>
              <![CDATA[session not created
from chrome not reachable
  (Session info: chrome=81.0.4044.138)
Build info: version: '3.141.59', revision: 'e82be7d358', time: '2018-11-14T08:25:48'
System info: host: 'LAPTOP-JQ5HBCKI', ip: '192.168.43.116', os.name: 'Windows 10', os.arch: 'amd64', os.version: '10.0', java.version: '1.8.0_162'
Driver info: driver.version: ChromeDriver
remote stacktrace: Backtrace:
Ordinal0 [0x00A60C83+1707139]
Ordinal0 [0x009C68F1+1075441]
Ordinal0 [0x0093DE72+515698]
Ordinal0 [0x00937CA8+490664]
Ordinal0 [0x0093839B+492443]
Ordinal0 [0x009392F5+496373]
Ordinal0 [0x00934F05+478981]
Ordinal0 [0x0093ECA0+519328]
Ordinal0 [0x008ECA67+182887]
Ordinal0 [0x008EBDDD+179677]
Ordinal0 [0x008E9D4B+171339]
Ordinal0 [0x008D1D4A+73034]
Ordinal0 [0x008D2DC0+77248]
Ordinal0 [0x008D2D59+77145]
Ordinal0 [0x009DBB67+1162087]
GetHandleVerifier [0x00AFA966+508998]
GetHandleVerifier [0x00AFA6A4+508292]
GetHandleVerifier [0x00B0F7B7+594583]
GetHandleVerifier [0x00AFB1D6+511158]
Ordinal0 [0x009D402C+1130540]
Ordinal0 [0x009DD4CB+1168587]
Ordinal0 [0x009DD633+1168947]
Ordinal0 [0x009F5B35+1268533]
BaseThreadInitThunk [0x76396359+25]
RtlGetAppContainerNamedObjectPath [0x77707C14+228]
RtlGetAppContainerNamedObjectPath [0x77707BE4+180]
]]>
            </message>
            <full-stacktrace>
              <![CDATA[org.openqa.selenium.SessionNotCreatedException: session not created
from chrome not reachable
  (Session info: chrome=81.0.4044.138)
Build info: version: '3.141.59', revision: 'e82be7d358', time: '2018-11-14T08:25:48'
System info: host: 'LAPTOP-JQ5HBCKI', ip: '192.168.43.116', os.name: 'Windows 10', os.arch: 'amd64', os.version: '10.0', java.version: '1.8.0_162'
Driver info: driver.version: ChromeDriver
remote stacktrace: Backtrace:
Ordinal0 [0x00A60C83+1707139]
Ordinal0 [0x009C68F1+1075441]
Ordinal0 [0x0093DE72+515698]
Ordinal0 [0x00937CA8+490664]
Ordinal0 [0x0093839B+492443]
Ordinal0 [0x009392F5+496373]
Ordinal0 [0x00934F05+478981]
Ordinal0 [0x0093ECA0+519328]
Ordinal0 [0x008ECA67+182887]
Ordinal0 [0x008EBDDD+179677]
Ordinal0 [0x008E9D4B+171339]
Ordinal0 [0x008D1D4A+73034]
Ordinal0 [0x008D2DC0+77248]
Ordinal0 [0x008D2D59+77145]
Ordinal0 [0x009DBB67+1162087]
GetHandleVerifier [0x00AFA966+508998]
GetHandleVerifier [0x00AFA6A4+508292]
GetHandleVerifier [0x00B0F7B7+594583]
GetHandleVerifier [0x00AFB1D6+511158]
Ordinal0 [0x009D402C+1130540]
Ordinal0 [0x009DD4CB+1168587]
Ordinal0 [0x009DD633+1168947]
Ordinal0 [0x009F5B35+1268533]
BaseThreadInitThunk [0x76396359+25]
RtlGetAppContainerNamedObjectPath [0x77707C14+228]
RtlGetAppContainerNamedObjectPath [0x77707BE4+180]

at sun.reflect.NativeConstructorAccessorImpl.newInstance0(Native Method)
at sun.reflect.NativeConstructorAccessorImpl.newInstance(Unknown Source)
at sun.reflect.DelegatingConstructorAccessorImpl.newInstance(Unknown Source)
at java.lang.reflect.Constructor.newInstance(Unknown Source)
at org.openqa.selenium.remote.W3CHandshakeResponse.lambda$errorHandler$0(W3CHandshakeResponse.java:62)
at org.openqa.selenium.remote.HandshakeResponse.lambda$getResponseFunction$0(HandshakeResponse.java:30)
at org.openqa.selenium.remote.ProtocolHandshake.lambda$createSession$0(ProtocolHandshake.java:126)
at java.util.stream.ReferencePipeline$3$1.accept(Unknown Source)
at java.util.Spliterators$ArraySpliterator.tryAdvance(Unknown Source)
at java.util.stream.ReferencePipeline.forEachWithCancel(Unknown Source)
at java.util.stream.AbstractPipeline.copyIntoWithCancel(Unknown Source)
at java.util.stream.AbstractPipeline.copyInto(Unknown Source)
at java.util.stream.AbstractPipeline.wrapAndCopyInto(Unknown Source)
at java.util.stream.FindOps$FindOp.evaluateSequential(Unknown Source)
at java.util.stream.AbstractPipeline.evaluate(Unknown Source)
at java.util.stream.ReferencePipeline.findFirst(Unknown Source)
at org.openqa.selenium.remote.ProtocolHandshake.createSession(ProtocolHandshake.java:128)
at org.openqa.selenium.remote.ProtocolHandshake.createSession(ProtocolHandshake.java:74)
at org.openqa.selenium.remote.HttpCommandExecutor.execute(HttpCommandExecutor.java:136)
at org.openqa.selenium.remote.service.DriverCommandExecutor.execute(DriverCommandExecutor.java:83)
at org.openqa.selenium.remote.RemoteWebDriver.execute(RemoteWebDriver.java:552)
at org.openqa.selenium.remote.RemoteWebDriver.startSession(RemoteWebDriver.java:213)
at org.openqa.selenium.remote.RemoteWebDriver.<init>(RemoteWebDriver.java:131)
at org.openqa.selenium.chrome.ChromeDriver.<init>(ChromeDriver.java:181)
at org.openqa.selenium.chrome.ChromeDriver.<init>(ChromeDriver.java:168)
at org.openqa.selenium.chrome.ChromeDriver.<init>(ChromeDriver.java:123)
at com.vtiger.specific.SuperTestScript.preConfig(SuperTestScript.java:33)
at sun.reflect.NativeMethodAccessorImpl.invoke0(Native Method)
at sun.reflect.NativeMethodAccessorImpl.invoke(Unknown Source)
at sun.reflect.DelegatingMethodAccessorImpl.invoke(Unknown Source)
at java.lang.reflect.Method.invoke(Unknown Source)
at org.testng.internal.MethodInvocationHelper.invokeMethod(MethodInvocationHelper.java:135)
at org.testng.internal.MethodInvocationHelper.invokeMethodConsideringTimeout(MethodInvocationHelper.java:64)
at org.testng.internal.ConfigInvoker.invokeConfigurationMethod(ConfigInvoker.java:364)
at org.testng.internal.ConfigInvoker.invokeConfigurations(ConfigInvoker.java:318)
at org.testng.internal.TestInvoker.runConfigMethods(TestInvoker.java:700)
at org.testng.internal.TestInvoker.invokeMethod(TestInvoker.java:527)
at org.testng.internal.TestInvoker.invokeTestMethod(TestInvoker.java:174)
at org.testng.internal.MethodRunner.runInSequence(MethodRunner.java:46)
at org.testng.internal.TestInvoker$MethodInvocationAgent.invoke(TestInvoker.java:821)
at org.testng.internal.TestInvoker.invokeTestMethods(TestInvoker.java:147)
at org.testng.internal.TestMethodWorker.invokeTestMethods(TestMethodWorker.java:146)
at org.testng.internal.TestMethodWorker.run(TestMethodWorker.java:128)
at java.util.ArrayList.forEach(Unknown Source)
at org.testng.TestRunner.privateRun(TestRunner.java:767)
at org.testng.TestRunner.run(TestRunner.java:588)
at org.testng.SuiteRunner.runTest(SuiteRunner.java:384)
at org.testng.SuiteRunner.runSequentially(SuiteRunner.java:378)
at org.testng.SuiteRunner.privateRun(SuiteRunner.java:337)
at org.testng.SuiteRunner.run(SuiteRunner.java:286)
at org.testng.SuiteRunnerWorker.runSuite(SuiteRunnerWorker.java:53)
at org.testng.SuiteRunnerWorker.run(SuiteRunnerWorker.java:96)
at org.testng.TestNG.runSuitesSequentially(TestNG.java:1214)
at org.testng.TestNG.runSuitesLocally(TestNG.java:1136)
at org.testng.TestNG.runSuites(TestNG.java:1066)
at org.testng.TestNG.run(TestNG.java:1034)
at org.testng.remote.AbstractRemoteTestNG.run(AbstractRemoteTestNG.java:115)
at org.testng.remote.RemoteTestNG.initAndRun(RemoteTestNG.java:251)
at org.testng.remote.RemoteTestNG.main(RemoteTestNG.java:77)
]]>
            </full-stacktrace>
          </exception> <!-- org.openqa.selenium.SessionNotCreatedException -->
          <reporter-output>
          </reporter-output>
        </test-method> <!-- testLoginAndLogout -->
        <test-method status="SKIP" signature="postConfig()[pri:0, instance:com.vtiger.alltestscripts.LoginAndLogout@6321e813]" name="postConfig" is-config="true" duration-ms="-1589009764415" started-at="2020-05-09T13:06:04 IST" finished-at="1970-01-01T05:30:00 IST">
          <reporter-output>
          </reporter-output>
        </test-method> <!-- postConfig -->
      </class> <!-- com.vtiger.alltestscripts.LoginAndLogout -->
    </test> <!-- Default test -->
  </suite> <!-- Default suite -->
</testng-results>
